[Wed 10/29/2025 18:15:33.00] Launching RAG Control Panel 
[Wed 10/29/2025 18:15:41.17] Launching RAG Control Panel 
[Wed 10/29/2025 18:15:44.83] Launching RAG Control Panel 
[Wed 10/29/2025 18:15:45.88] Launching RAG Control Panel 
[Wed 10/29/2025 18:16:40.05] Launching RAG Control Panel 
[Wed 10/29/2025 18:24:14.13] Launch attempt started 
[Wed 10/29/2025 18:24:14.13] Changed to directory: C:\Users\Julian Poopat\Documents\Management Class\RAG_System 
[Wed 10/29/2025 18:24:16.13] Found pythonw.exe in PATH 
[Wed 10/29/2025 18:24:16.14] Launching: pythonw.exe RAG_Control_Panel.py 
[Wed 10/29/2025 18:24:17.28] GUI appears to be running 
[Wed 10/29/2025 18:24:59.87] Launch attempt started 
[Wed 10/29/2025 18:24:59.88] Changed to directory: C:\Users\Julian Poopat\Documents\Management Class\RAG_System 
[Wed 10/29/2025 18:25:01.11] Found pythonw.exe in PATH 
[Wed 10/29/2025 18:25:01.11] Launching: pythonw.exe RAG_Control_Panel.py 
[Wed 10/29/2025 18:25:02.25] GUI appears to be running 
[Wed 10/29/2025 18:28:08.81] Launch attempt started 
[Wed 10/29/2025 18:28:08.81] Changed to directory: C:\Users\Julian Poopat\Documents\Management Class\RAG_System 
[Wed 10/29/2025 18:28:10.17] Found pythonw.exe in PATH 
[Wed 10/29/2025 18:28:10.19] Launching: pythonw.exe RAG_Control_Panel.py 
[Wed 10/29/2025 18:28:11.31] GUI appears to be running 
[Wed 10/29/2025 18:29:02.90] Launch attempt started 
[Wed 10/29/2025 18:29:02.90] Changed to directory: C:\Users\Julian Poopat\Documents\Management Class\RAG_System 
[Wed 10/29/2025 18:29:04.14] Found pythonw.exe in PATH 
[Wed 10/29/2025 18:29:04.14] Launching: pythonw.exe RAG_Control_Panel.py 
[Wed 10/29/2025 18:29:05.31] GUI appears to be running 
[Wed 10/29/2025 18:39:09.39] Launching RAG Control Panel 
[Wed 10/29/2025 18:39:16.77] Launching RAG Control Panel 
[Wed 10/29/2025 18:45:13.08] Launching via desktop shortcut 
[Wed 10/29/2025 18:45:13.10] Launch successful 
[Wed 10/29/2025 18:47:20.93] Launching via desktop shortcut 
[Wed 10/29/2025 18:47:20.94] Launch successful 
[Wed 10/29/2025 18:51:13.97] Launching via desktop shortcut 
[Wed 10/29/2025 18:51:13.99] Launch command executed 
[Wed 10/29/2025 18:58:47.66] Launching via desktop shortcut 
[Wed 10/29/2025 18:58:47.69] Launch command executed 
[Wed 10/29/2025 21:31:24.83] Launching via desktop shortcut 
[Wed 10/29/2025 21:31:24.86] Launch command executed 
[Thu 10/30/2025  0:16:37.04] Launching via desktop shortcut 
[Thu 10/30/2025  0:16:37.10] Launch command executed 
[Thu 10/30/2025  0:16:48.09] Launching via desktop shortcut 
[Thu 10/30/2025  0:16:48.12] Launch command executed 
[Thu 10/30/2025  0:16:50.20] Launching via desktop shortcut 
[Thu 10/30/2025  0:16:50.22] Launch command executed 
[Thu 10/30/2025  0:22:22.21] Launching via desktop shortcut 
[Thu 10/30/2025  0:22:22.23] Launch command executed 
[Thu 10/30/2025  0:30:13.56] Launching via desktop shortcut 
[Thu 10/30/2025  0:30:13.59] Launch command executed 
[Thu 10/30/2025  0:30:27.66] Launching via desktop shortcut 
[Thu 10/30/2025  0:30:27.68] Launch command executed 
[Thu 10/30/2025  1:08:48.25] Launching via desktop shortcut 
[Thu 10/30/2025  1:08:48.27] Launch command executed 
