Tkinter OK
Traceback (most recent call last):
  File "C:\Users\Julian Poopat\Documents\Management Class\RAG_System\RAG_Control_Panel.py", line 11, in <module>
    sys.stdout.reconfigure(encoding='utf-8')
    ^^^^^^^^^^^^^^^^^^^^^^
AttributeError: 'NoneType' object has no attribute 'reconfigure'
Traceback (most recent call last):
  File "C:\Users\Julian Poopat\Documents\Management Class\RAG_System\RAG_Control_Panel.py", line 11, in <module>
    sys.stdout.reconfigure(encoding='utf-8')
    ^^^^^^^^^^^^^^^^^^^^^^
AttributeError: 'NoneType' object has no attribute 'reconfigure'
Traceback (most recent call last):
  File "C:\Users\Julian Poopat\Documents\Management Class\RAG_System\RAG_Control_Panel.py", line 11, in <module>
    sys.stdout.reconfigure(encoding='utf-8')
    ^^^^^^^^^^^^^^^^^^^^^^
AttributeError: 'NoneType' object has no attribute 'reconfigure'
Traceback (most recent call last):
  File "C:\Users\Julian Poopat\Documents\Management Class\RAG_System\RAG_Control_Panel.py", line 11, in <module>
    sys.stdout.reconfigure(encoding='utf-8')
    ^^^^^^^^^^^^^^^^^^^^^^
AttributeError: 'NoneType' object has no attribute 'reconfigure'
Traceback (most recent call last):
  File "C:\Users\Julian Poopat\Documents\Management Class\RAG_System\RAG_Control_Panel.py", line 11, in <module>
    sys.stdout.reconfigure(encoding='utf-8')
    ^^^^^^^^^^^^^^^^^^^^^^
AttributeError: 'NoneType' object has no attribute 'reconfigure'
Traceback (most recent call last):
  File "C:\Users\Julian Poopat\Documents\Management Class\RAG_System\RAG_Control_Panel.py", line 11, in <module>
    sys.stdout.reconfigure(encoding='utf-8')
    ^^^^^^^^^^^^^^^^^^^^^^
AttributeError: 'NoneType' object has no attribute 'reconfigure'
Traceback (most recent call last):
  File "C:\Users\Julian Poopat\Documents\Management Class\RAG_System\RAG_Control_Panel.py", line 11, in <module>
    sys.stdout.reconfigure(encoding='utf-8')
    ^^^^^^^^^^^^^^^^^^^^^^
AttributeError: 'NoneType' object has no attribute 'reconfigure'
Traceback (most recent call last):
  File "C:\Users\Julian Poopat\Documents\Management Class\RAG_System\RAG_Control_Panel.py", line 11, in <module>
    sys.stdout.reconfigure(encoding='utf-8')
    ^^^^^^^^^^^^^^^^^^^^^^
AttributeError: 'NoneType' object has no attribute 'reconfigure'
